{
  "RSpec": {
    "coverage": {
      "/Users/Mymac/Desktop/software_testing/inventory_management_project/app/controllers/reviews_controller.rb": [
        1,
        1,
        null,
        1,
        0,
        null,
        null,
        null,
        1,
        null,
        null,
        1,
        0,
        0,
        null,
        null,
        1,
        0,
        null,
        null,
        1,
        0,
        0,
        0,
        0,
        0,
        0,
        null,
        0,
        null,
        null,
        null,
        1,
        0,
        0,
        0,
        0,
        0,
        null,
        0,
        0,
        null,
        null,
        null,
        null,
        1,
        3,
        0,
        0,
        0,
        0,
        null,
        null,
        null,
        1,
        null,
        1,
        3,
        null,
        null,
        null,
        1,
        0,
        null,
        null
      ],
      "/Users/Mymac/Desktop/software_testing/inventory_management_project/app/controllers/application_controller.rb": [
        1,
        null,
        1,
        null,
        1,
        1,
        null,
        1,
        null,
        1,
        null,
        1,
        3,
        3,
        3,
        null,
        null,
        null
      ],
      "/Users/Mymac/Desktop/software_testing/inventory_management_project/app/models/category.rb": [
        1,
        null,
        1,
        null,
        1,
        0,
        null,
        null
      ],
      "/Users/Mymac/Desktop/software_testing/inventory_management_project/app/models/product.rb": [
        1,
        null,
        null,
        1,
        1,
        1,
        1,
        1,
        null,
        1,
        1,
        1,
        null,
        null,
        null,
        1,
        0,
        0,
        0,
        0,
        null,
        null
      ],
      "/Users/Mymac/Desktop/software_testing/inventory_management_project/app/models/supplier.rb": [
        1,
        null,
        null,
        1,
        1,
        1,
        1,
        null,
        1,
        null,
        1,
        1,
        1,
        null,
        1,
        null,
        1,
        0,
        0,
        0,
        0,
        null,
        null,
        1,
        null,
        1,
        3,
        null,
        null
      ],
      "/Users/Mymac/Desktop/software_testing/inventory_management_project/app/models/review.rb": [
        1,
        null,
        null,
        1,
        1,
        1,
        null,
        1,
        1,
        null,
        1,
        0,
        0,
        0,
        0,
        null,
        null,
        1,
        0,
        0,
        0,
        0,
        null,
        null,
        null,
        null,
        null
      ],
      "/Users/Mymac/Desktop/software_testing/inventory_management_project/app/policies/review_policy.rb": [
        null,
        null,
        1,
        null,
        1,
        0,
        null,
        null,
        1,
        0,
        null,
        null,
        1,
        0,
        null,
        null,
        1,
        0,
        null,
        null,
        1,
        0,
        null,
        null,
        null,
        null,
        null,
        null
      ],
      "/Users/Mymac/Desktop/software_testing/inventory_management_project/app/policies/application_policy.rb": [
        1,
        1,
        null,
        1,
        3,
        3,
        null,
        null,
        1,
        0,
        null,
        null,
        1,
        0,
        null,
        null,
        1,
        0,
        null,
        null,
        1,
        0,
        null,
        null,
        1,
        0,
        null,
        null,
        1,
        0,
        null,
        null,
        1,
        3,
        null,
        null,
        1,
        1,
        null,
        1,
        0,
        0,
        null,
        null,
        1,
        0,
        null,
        null,
        null
      ]
    },
    "timestamp": 1554768823
  }
}
